SF:lib\models\movie.dart
DA:22,0
DA:30,0
DA:32,0
DA:34,0
DA:37,0
LF:5
LH:0
end_of_record
SF:lib\models\movie.g.dart
DA:9,0
DA:10,0
DA:11,0
DA:12,0
DA:13,0
DA:14,0
DA:17,0
DA:18,0
DA:19,0
DA:20,0
DA:21,0
DA:22,0
LF:12
LH:0
end_of_record
SF:lib\utils\sorting\sort_criteria.dart
DA:7,1
LF:1
LH:1
end_of_record
SF:lib\utils\sorting\sorter.dart
DA:10,1
DA:11,1
DA:13,0
DA:15,0
DA:16,0
DA:18,0
DA:19,0
DA:21,0
DA:24,0
DA:28,0
DA:29,0
DA:30,0
DA:31,0
DA:33,0
DA:34,0
DA:37,0
DA:38,0
DA:43,0
DA:44,0
DA:45,0
DA:46,0
DA:47,0
DA:50,0
DA:51,0
DA:52,0
DA:55,0
DA:56,0
DA:57,0
DA:59,0
DA:61,0
DA:62,0
DA:65,0
DA:66,0
DA:70,0
DA:71,0
DA:75,0
DA:76,0
DA:77,0
LF:38
LH:2
end_of_record
